<?xml version="1.0" encoding="UTF-8"?>
<!-- Generated by org.testng.reporters.JUnitXMLReporter -->
<testsuite hostname="DESKTOP-E2FKL69" name="RegressionTest" tests="5" failures="1" timestamp="26 Nov 2017 21:42:41 GMT" time="194.819" errors="0">
  <testcase name="testHomePage" time="14.353" classname="com.mukesh.sel.hybrid.framework.testcases.VerifyLoginPageWithExtentReports"/>
  <testcase name="testHomePage" time="13.435" classname="com.mukesh.sel.hybrid.framework.testcases.VerifyLoginPageWithExtentReportsAndScreenshots"/>
  <testcase name="testHomePage" time="20.676" classname="com.mukesh.sel.hybrid.framework.testcases.VerifyHomePage"/>
  <testcase name="testHomePage" time="30.665" classname="com.mukesh.sel.hybrid.framework.testcases.VerifyLoginPageWithExtentReportsAndScreenshotsFail">
    <failure type="org.openqa.selenium.TimeoutException" message="Expected condition failed: waiting for presence of element located by: By.xpath: //a[contains(text(),&amp;apos;My Dashboard&amp;apos;)] (tried for 20 second(s) with 500 MILLISECONDS interval)">
      <![CDATA[org.openqa.selenium.TimeoutException: Expected condition failed: waiting for presence of element located by: By.xpath: //a[contains(text(),'My Dashboard')] (tried for 20 second(s) with 500 MILLISECONDS interval)
	at org.openqa.selenium.support.ui.WebDriverWait.timeoutException(WebDriverWait.java:82)
	at org.openqa.selenium.support.ui.FluentWait.until(FluentWait.java:231)
	at com.mukesh.sel.hybrid.framework.pages.LoginPage.verifyMyDashboardLink(LoginPage.java:44)
	at com.mukesh.sel.hybrid.framework.testcases.VerifyLoginPageWithExtentReportsAndScreenshotsFail.testHomePage(VerifyLoginPageWithExtentReportsAndScreenshotsFail.java:71)
Caused by: org.openqa.selenium.NoSuchElementException: Cannot locate an element using By.xpath: //a[contains(text(),'My Dashboard')]
For documentation on this error, please visit: http://seleniumhq.org/exceptions/no_such_element.html
Build info: version: '3.7.1', revision: '8a0099a', time: '2017-11-06T21:07:36.161Z'
System info: host: 'DESKTOP-E2FKL69', ip: '192.168.1.7', os.name: 'Windows 10', os.arch: 'amd64', os.version: '10.0', java.version: '1.8.0_152'
Driver info: driver.version: unknown
	at org.openqa.selenium.support.ui.ExpectedConditions.lambda$findElement$0(ExpectedConditions.java:882)
	at java.util.Optional.orElseThrow(Optional.java:290)
	at org.openqa.selenium.support.ui.ExpectedConditions.findElement(ExpectedConditions.java:881)
	at org.openqa.selenium.support.ui.ExpectedConditions.access$000(ExpectedConditions.java:43)
	at org.openqa.selenium.support.ui.ExpectedConditions$6.apply(ExpectedConditions.java:182)
	at org.openqa.selenium.support.ui.ExpectedConditions$6.apply(ExpectedConditions.java:179)
	at org.openqa.selenium.support.ui.FluentWait.until(FluentWait.java:208)
	... 26 more
... Removed 24 stack frames]]>
    </failure>
  </testcase> <!-- testHomePage -->
  <testcase name="testHomePage" time="11.122" classname="com.mukesh.sel.hybrid.framework.testcases.VerifyLoginPage"/>
</testsuite> <!-- RegressionTest -->
